<?xml version="1.0" encoding="UTF-8"?>
<!-- Generated by org.testng.reporters.JUnitXMLReporter -->
<testsuite ignored="0" hostname="LMMUMLP0238" failures="1" tests="4" name="Test" time="0.431" errors="0" timestamp="2024-01-25T10:54:23 IST">
  <testcase classname="Jan25_TestNG.TC001_Multipletest" name="Test2" time="0.048"/>
  <testcase classname="Jan25_TestNG.TC001_Multipletest" name="Test1" time="0.003"/>
  <testcase classname="Jan25_TestNG.TC001_Multipletest" name="Test3" time="0.005"/>
  <testcase classname="Jan24_TestNG.TC002_TestNG_Parameters" name="test1" time="0.0">
    <failure type="org.testng.TestNGException" message="
Parameter &amp;apos;Browser&amp;apos; is required by @Test on method test1 but has not been marked @Optional or defined
in C:\Users\pinki.shende\eclipse-workspace\Jan2024_Selenium\group.xml">
      <![CDATA[org.testng.TestNGException: 
Parameter 'Browser' is required by @Test on method test1 but has not been marked @Optional or defined
in C:\Users\pinki.shende\eclipse-workspace\Jan2024_Selenium\group.xml
at java.base/java.util.ArrayList.forEach(ArrayList.java:1511)
... Removed 26 stack frames]]>
    </failure>
  </testcase> <!-- test1 -->
</testsuite> <!-- Test -->
